<?xml version="1.0" encoding="utf-8"?><testsuites name="pytest tests"><testsuite name="pytest" errors="0" failures="0" skipped="0" tests="21" time="2.944" timestamp="2026-06-11T23:39:13.604506+00:00" hostname="agent-env-ef2bfbf1-2d7d-4c49-a071-f60b8c8f52b5"><testcase classname="test_backend.TestPublic" name="test_root_health" time="0.190" /><testcase classname="test_backend.TestPublic" name="test_calculate" time="0.117" /><testcase classname="test_backend.TestPublic" name="test_calculate_bad_credit_score" time="0.148" /><testcase classname="test_backend.TestLeads" name="test_create_lead" time="0.153" /><testcase classname="test_backend.TestLeads" name="test_create_lead_invalid_email" time="0.100" /><testcase classname="test_backend.TestSubscribers" name="test_subscribe_new" time="0.110" /><testcase classname="test_backend.TestSubscribers" name="test_subscribe_duplicate" time="0.105" /><testcase classname="test_backend.TestChat" name="test_chat_canned[how much can I afford-afford]" time="0.105" /><testcase classname="test_backend.TestChat" name="test_chat_canned[what credit score do I need-credit]" time="0.100" /><testcase classname="test_backend.TestChat" name="test_chat_canned[Tell me about FHA loan-FHA]" time="0.147" /><testcase classname="test_backend.TestChat" name="test_chat_canned[random unrelated question xyz-mortgage assistant]" time="0.099" /><testcase classname="test_backend.TestAuth" name="test_me_without_session" time="0.098" /><testcase classname="test_backend.TestAuth" name="test_admin_endpoints_without_session" time="0.305" /><testcase classname="test_backend.TestAuth" name="test_me_with_session_cookie" time="0.148" /><testcase classname="test_backend.TestAuth" name="test_me_with_bearer_token" time="0.149" /><testcase classname="test_backend.TestAdmin" name="test_list_leads" time="0.107" /><testcase classname="test_backend.TestAdmin" name="test_analytics" time="0.109" /><testcase classname="test_backend.TestAdmin" name="test_patch_lead" time="0.203" /><testcase classname="test_backend.TestAdmin" name="test_patch_lead_not_found" time="0.112" /><testcase classname="test_backend.TestAdmin" name="test_export_csv" time="0.102" /><testcase classname="test_backend" name="test_cleanup" time="0.002" /></testsuite></testsuites>